Performing C SOURCE FILE Test CMAKE_HAVE_LIBC_PTHREAD failed with the following output:
Change Dir: /home/bhumit/coding/cpp/kitepp/bin/CMakeFiles/CMakeTmp

Run Build Command(s):/usr/bin/gmake cmTC_aec19/fast && /usr/bin/gmake  -f CMakeFiles/cmTC_aec19.dir/build.make CMakeFiles/cmTC_aec19.dir/build
gmake[1]: Entering directory '/home/bhumit/coding/cpp/kitepp/bin/CMakeFiles/CMakeTmp'
Building C object CMakeFiles/cmTC_aec19.dir/src.c.o
/usr/bin/cc   -DCMAKE_HAVE_LIBC_PTHREAD   -o CMakeFiles/cmTC_aec19.dir/src.c.o   -c /home/bhumit/coding/cpp/kitepp/bin/CMakeFiles/CMakeTmp/src.c
Linking C executable cmTC_aec19
/usr/bin/cmake -E cmake_link_script CMakeFiles/cmTC_aec19.dir/link.txt --verbose=1
/usr/bin/cc  -DCMAKE_HAVE_LIBC_PTHREAD    CMakeFiles/cmTC_aec19.dir/src.c.o  -o cmTC_aec19 
/usr/bin/ld: CMakeFiles/cmTC_aec19.dir/src.c.o: in function `main':
src.c:(.text+0x2d): undefined reference to `pthread_create'
/usr/bin/ld: src.c:(.text+0x39): undefined reference to `pthread_detach'
/usr/bin/ld: src.c:(.text+0x45): undefined reference to `pthread_cancel'
/usr/bin/ld: src.c:(.text+0x56): undefined reference to `pthread_join'
collect2: error: ld returned 1 exit status
gmake[1]: *** [CMakeFiles/cmTC_aec19.dir/build.make:107: cmTC_aec19] Error 1
gmake[1]: Leaving directory '/home/bhumit/coding/cpp/kitepp/bin/CMakeFiles/CMakeTmp'
gmake: *** [Makefile:141: cmTC_aec19/fast] Error 2


Source file was:
#include <pthread.h>

void* test_func(void* data)
{
  return data;
}

int main(void)
{
  pthread_t thread;
  pthread_create(&thread, NULL, test_func, NULL);
  pthread_detach(thread);
  pthread_cancel(thread);
  pthread_join(thread, NULL);
  pthread_atfork(NULL, NULL, NULL);
  pthread_exit(NULL);

  return 0;
}

Determining if the function pthread_create exists in the pthreads failed with the following output:
Change Dir: /home/bhumit/coding/cpp/kitepp/bin/CMakeFiles/CMakeTmp

Run Build Command(s):/usr/bin/gmake cmTC_ee848/fast && /usr/bin/gmake  -f CMakeFiles/cmTC_ee848.dir/build.make CMakeFiles/cmTC_ee848.dir/build
gmake[1]: Entering directory '/home/bhumit/coding/cpp/kitepp/bin/CMakeFiles/CMakeTmp'
Building C object CMakeFiles/cmTC_ee848.dir/CheckFunctionExists.c.o
/usr/bin/cc   -DCHECK_FUNCTION_EXISTS=pthread_create   -o CMakeFiles/cmTC_ee848.dir/CheckFunctionExists.c.o   -c /usr/share/cmake/Modules/CheckFunctionExists.c
Linking C executable cmTC_ee848
/usr/bin/cmake -E cmake_link_script CMakeFiles/cmTC_ee848.dir/link.txt --verbose=1
/usr/bin/cc  -DCHECK_FUNCTION_EXISTS=pthread_create    CMakeFiles/cmTC_ee848.dir/CheckFunctionExists.c.o  -o cmTC_ee848  -lpthreads 
/usr/bin/ld: cannot find -lpthreads
collect2: error: ld returned 1 exit status
gmake[1]: *** [CMakeFiles/cmTC_ee848.dir/build.make:107: cmTC_ee848] Error 1
gmake[1]: Leaving directory '/home/bhumit/coding/cpp/kitepp/bin/CMakeFiles/CMakeTmp'
gmake: *** [Makefile:141: cmTC_ee848/fast] Error 2



